* using log directory ‘/home/adam/arpa/arpa.Rcheck’
* using R version 3.2.1 (2015-06-18)
* using platform: x86_64-pc-linux-gnu (64-bit)
* using session charset: UTF-8
* checking for file ‘arpa/DESCRIPTION’ ... OK
* checking extension type ... Package
* this is package ‘arpa’ version ‘0.1’
* checking package namespace information ... OK
* checking package dependencies ... OK
* checking if this is a source package ... OK
* checking if there is a namespace ... OK
* checking for executable files ... OK
* checking for hidden files and directories ... OK
* checking for portable file names ... OK
* checking for sufficient/correct file permissions ... OK
* checking whether package ‘arpa’ can be installed ... OK
* checking installed package size ... OK
* checking package directory ... OK
* checking DESCRIPTION meta-information ... NOTE
License components which are templates and need '+ file LICENSE':
  MIT
* checking top-level files ... NOTE
Non-standard file/directory found at top level:
  ‘extdata’
* checking for left-over files ... OK
* checking index information ... OK
* checking package subdirectories ... OK
* checking R files for non-ASCII characters ... OK
* checking R files for syntax errors ... OK
* checking whether the package can be loaded ... OK
* checking whether the package can be loaded with stated dependencies ... OK
* checking whether the package can be unloaded cleanly ... OK
* checking whether the namespace can be loaded with stated dependencies ... OK
* checking whether the namespace can be unloaded cleanly ... OK
* checking loading without being on the library search path ... OK
* checking dependencies in R code ... NOTE
package 'methods' is used but not declared
* checking S3 generic/method consistency ... OK
* checking replacement functions ... OK
* checking foreign function calls ... WARNING
Foreign function call without 'PACKAGE' argument:
  .Call("readarpa", ...)
See chapter ‘System and foreign language interfaces’ in the ‘Writing R
Extensions’ manual.
* checking R code for possible problems ... NOTE
check_ngram: no visible global function definition for ‘keys’
check_ngram: no visible global function definition for ‘values’
contains,ngram.model-character: no visible global function definition
  for ‘has.key’
* checking Rd files ... OK
* checking Rd metadata ... OK
* checking Rd line widths ... OK
* checking Rd cross-references ... OK
* checking for missing documentation entries ... WARNING
Undocumented code objects:
  ‘bigrams’ ‘contains’ ‘trigrams’ ‘unigrams’
All user-level objects in a package should have documentation entries.
See chapter ‘Writing R documentation files’ in the ‘Writing R
Extensions’ manual.
* checking for code/documentation mismatches ... OK
* checking Rd \usage sections ... OK
* checking Rd contents ... OK
* checking for unstated dependencies in examples ... OK
* checking examples ... NONE
* checking for unstated dependencies in ‘tests’ ... OK
* checking tests ... ERROR
Running the tests in ‘tests/testthat.R’ failed.
Last 13 lines of output:
  1: withCallingHandlers(eval(code, new_test_environment), error = capture_calls, message = function(c) invokeRestart("muffleMessage"), 
         warning = function(c) invokeRestart("muffleWarning"))
  2: eval(code, new_test_environment)
  3: eval(expr, envir, enclos)
  4: read.arpa(filename) at test-readarpa.R:6
  5: stop("file does not exist")
  
  testthat results ================================================================
  OK: 14 SKIPPED: 0 FAILED: 1
  1. Error: read.arpa correctly parses sample file with just filename 
  
  Error: testthat unit tests failed
  Execution halted
* checking PDF version of manual ... WARNING
LaTeX errors when creating PDF version.
This typically indicates Rd problems.
* checking PDF version of manual without hyperrefs or index ... OK
* DONE
Status: 1 ERROR, 3 WARNINGs, 4 NOTEs
